<?xml version="1.0" encoding="UTF-8"?>
<!-- Generated by org.testng.reporters.JUnitReportReporter -->
<testsuite skipped="0" hostname="DESKTOP-C35QMNU" name="qaclickacademy.APITest" tests="2" failures="0" timestamp="23 Feb 2019 16:28:07 GMT" time="0.000" errors="0">
  <testcase name="Twitter" time="0.000" classname="qaclickacademy.APITest"/>
  <testcase name="Jira" time="0.000" classname="qaclickacademy.APITest"/>
</testsuite> <!-- qaclickacademy.APITest -->
