<?xml version="1.0" encoding="UTF-8"?>
<!-- Generated by org.testng.reporters.JUnitReportReporter -->
<testsuite skipped="0" hostname="DESKTOP-C35QMNU" name="qaclickacademy.AppiumTest" tests="2" failures="0" timestamp="23 Feb 2019 16:28:07 GMT" time="0.016" errors="0">
  <testcase name="IOSApp" time="0.000" classname="qaclickacademy.AppiumTest"/>
  <testcase name="AndroidApp" time="0.016" classname="qaclickacademy.AppiumTest"/>
</testsuite> <!-- qaclickacademy.AppiumTest -->
