<?xml version="1.0" encoding="UTF-8"?>
<!-- Generated by org.testng.reporters.JUnitReportReporter -->
<testsuite hostname="DESKTOP-C35QMNU" name="qaclickacademy.APITest" tests="2" failures="0" timestamp="23 Feb 2019 17:09:44 GMT" time="0.016" errors="0">
  <testcase name="Twitter" time="0.001" classname="qaclickacademy.APITest"/>
  <testcase name="Jira" time="0.015" classname="qaclickacademy.APITest"/>
</testsuite>
