<?xml version="1.0" encoding="UTF-8"?>
<!-- Generated by org.testng.reporters.JUnitReportReporter -->
<testsuite hostname="DESKTOP-C35QMNU" name="qaclickacademy.AppiumTest" tests="2" failures="0" timestamp="23 Feb 2019 17:09:44 GMT" time="0.002" errors="0">
  <testcase name="AndroidApp" time="0.001" classname="qaclickacademy.AppiumTest"/>
  <testcase name="IOSApp" time="0.001" classname="qaclickacademy.AppiumTest"/>
</testsuite>
